app/build/outputs/logs/manifest-merger-debug-report.txt
-- Merging decision tree log ---
manifest
ADDED from src\main\AndroidManifest.xml:2:1-150:12
	xmlns:android
		ADDED from src\main\AndroidManifest.xml:2:11-69
	package
		ADDED from src\main\AndroidManifest.xml:3:5-31
		INJECTED from src\main\AndroidManifest.xml
		INJECTED from src\main\AndroidManifest.xml
	android:versionName
		ADDED from src\main\AndroidManifest.xml:5:5-32
		INJECTED from src\main\AndroidManifest.xml
		INJECTED from src\main\AndroidManifest.xml
	android:versionCode
		ADDED from src\main\AndroidManifest.xml:4:5-28
		INJECTED from src\main\AndroidManifest.xml
		INJECTED from src\main\AndroidManifest.xml
uses-sdk
ADDED from src\main\AndroidManifest.xml:7:5-9:41
	android:targetSdkVersion
		ADDED from src\main\AndroidManifest.xml:9:9-38
		INJECTED from src\main\AndroidManifest.xml
		INJECTED from src\main\AndroidManifest.xml
	android:minSdkVersion
		ADDED from src\main\AndroidManifest.xml:8:9-35
		INJECTED from src\main\AndroidManifest.xml
		INJECTED from src\main\AndroidManifest.xml
uses-permission#android.permission.ACCESS_NETWORK_STATE
ADDED from src\main\AndroidManifest.xml:11:5-79
	android:name
		ADDED from src\main\AndroidManifest.xml:11:22-76
uses-permission#android.permission.INTERNET
ADDED from src\main\AndroidManifest.xml:12:5-67
	android:name
		ADDED from src\main\AndroidManifest.xml:12:22-64
uses-permission#android.permission.WRITE_EXTERNAL_STORAGE
ADDED from src\main\AndroidManifest.xml:13:5-81
	android:name
		ADDED from src\main\AndroidManifest.xml:13:22-78
uses-permission#android.permission.READ_EXTERNAL_STORAGE
ADDED from src\main\AndroidManifest.xml:14:5-80
	android:name
		ADDED from src\main\AndroidManifest.xml:14:22-77
uses-permission#android.permission.MOUNT_UNMOUNT_FILESYSTEMS
ADDED from src\main\AndroidManifest.xml:18:2-97
	android:name
		ADDED from src\main\AndroidManifest.xml:18:19-78
application
ADDED from src\main\AndroidManifest.xml:20:5-148:19
	android:label
		ADDED from src\main\AndroidManifest.xml:24:9-41
	android:allowBackup
		ADDED from src\main\AndroidManifest.xml:22:9-35
	android:icon
		ADDED from src\main\AndroidManifest.xml:23:9-38
	android:theme
		ADDED from src\main\AndroidManifest.xml:25:9-40
	android:name
		ADDED from src\main\AndroidManifest.xml:21:9-48
activity#com.DCHZ.TYLINCN.activity.MainActivity
ADDED from src\main\AndroidManifest.xml:26:9-31:20
	android:screenOrientation
		ADDED from src\main\AndroidManifest.xml:29:13-49
	android:theme
		ADDED from src\main\AndroidManifest.xml:30:13-46
	android:name
		ADDED from src\main\AndroidManifest.xml:27:13-66
	android:launchMode
		ADDED from src\main\AndroidManifest.xml:28:13-43
activity#com.DCHZ.TYLINCN.activity.LoginActivity
ADDED from src\main\AndroidManifest.xml:32:9-42:20
	android:screenOrientation
		ADDED from src\main\AndroidManifest.xml:35:13-49
	android:theme
		ADDED from src\main\AndroidManifest.xml:36:13-46
	android:name
		ADDED from src\main\AndroidManifest.xml:33:13-67
	android:launchMode
		ADDED from src\main\AndroidManifest.xml:34:13-43
intent-filter#android.intent.action.MAIN+android.intent.category.LAUNCHER
ADDED from src\main\AndroidManifest.xml:37:13-41:29
action#android.intent.action.MAIN
ADDED from src\main\AndroidManifest.xml:38:17-69
	android:name
		ADDED from src\main\AndroidManifest.xml:38:25-66
category#android.intent.category.LAUNCHER
ADDED from src\main\AndroidManifest.xml:40:17-77
	android:name
		ADDED from src\main\AndroidManifest.xml:40:27-74
activity#com.DCHZ.TYLINCN.activity.FirstActivity
ADDED from src\main\AndroidManifest.xml:43:9-47:49
	android:screenOrientation
		ADDED from src\main\AndroidManifest.xml:46:13-49
	android:theme
		ADDED from src\main\AndroidManifest.xml:47:13-46
	android:name
		ADDED from src\main\AndroidManifest.xml:44:13-67
	android:launchMode
		ADDED from src\main\AndroidManifest.xml:45:13-43
activity#com.DCHZ.TYLINCN.activity.SecondActivity
ADDED from src\main\AndroidManifest.xml:48:9-52:49
	android:screenOrientation
		ADDED from src\main\AndroidManifest.xml:51:13-49
	android:theme
		ADDED from src\main\AndroidManifest.xml:52:13-46
	android:name
		ADDED from src\main\AndroidManifest.xml:49:13-68
	android:launchMode
		ADDED from src\main\AndroidManifest.xml:50:13-43
activity#com.DCHZ.TYLINCN.activity.ThreeActivity
ADDED from src\main\AndroidManifest.xml:53:9-57:49
	android:screenOrientation
		ADDED from src\main\AndroidManifest.xml:56:13-49
	android:theme
		ADDED from src\main\AndroidManifest.xml:57:13-46
	android:name
		ADDED from src\main\AndroidManifest.xml:54:13-67
	android:launchMode
		ADDED from src\main\AndroidManifest.xml:55:13-43
activity#com.DCHZ.TYLINCN.activity.TouBiaoDetailActivity
ADDED from src\main\AndroidManifest.xml:58:9-62:49
	android:screenOrientation
		ADDED from src\main\AndroidManifest.xml:61:13-49
	android:theme
		ADDED from src\main\AndroidManifest.xml:62:13-46
	android:name
		ADDED from src\main\AndroidManifest.xml:59:13-75
	android:launchMode
		ADDED from src\main\AndroidManifest.xml:60:13-43
activity#com.DCHZ.TYLINCN.activity.FeiYongDetailActivity
ADDED from src\main\AndroidManifest.xml:63:9-67:49
	android:screenOrientation
		ADDED from src\main\AndroidManifest.xml:66:13-49
	android:theme
		ADDED from src\main\AndroidManifest.xml:67:13-46
	android:name
		ADDED from src\main\AndroidManifest.xml:64:13-75
	android:launchMode
		ADDED from src\main\AndroidManifest.xml:65:13-43
activity#com.DCHZ.TYLINCN.activity.JieKuangDetailActivity
ADDED from src\main\AndroidManifest.xml:68:9-72:49
	android:screenOrientation
		ADDED from src\main\AndroidManifest.xml:71:13-49
	android:theme
		ADDED from src\main\AndroidManifest.xml:72:13-46
	android:name
		ADDED from src\main\AndroidManifest.xml:69:13-76
	android:launchMode
		ADDED from src\main\AndroidManifest.xml:70:13-43
activity#com.DCHZ.TYLINCN.activity.QingJiaDetailActivity
ADDED from src\main\AndroidManifest.xml:73:9-77:49
	android:screenOrientation
		ADDED from src\main\AndroidManifest.xml:76:13-49
	android:theme
		ADDED from src\main\AndroidManifest.xml:77:13-46
	android:name
		ADDED from src\main\AndroidManifest.xml:74:13-75
	android:launchMode
		ADDED from src\main\AndroidManifest.xml:75:13-43
activity#com.DCHZ.TYLINCN.activity.FaPiaoDetailActivity
ADDED from src\main\AndroidManifest.xml:78:9-82:49
	android:screenOrientation
		ADDED from src\main\AndroidManifest.xml:81:13-49
	android:theme
		ADDED from src\main\AndroidManifest.xml:82:13-46
	android:name
		ADDED from src\main\AndroidManifest.xml:79:13-74
	android:launchMode
		ADDED from src\main\AndroidManifest.xml:80:13-43
activity#com.DCHZ.TYLINCN.activity.YingFuHTDetailActivity
ADDED from src\main\AndroidManifest.xml:83:9-87:49
	android:screenOrientation
		ADDED from src\main\AndroidManifest.xml:86:13-49
	android:theme
		ADDED from src\main\AndroidManifest.xml:87:13-46
	android:name
		ADDED from src\main\AndroidManifest.xml:84:13-76
	android:launchMode
		ADDED from src\main\AndroidManifest.xml:85:13-43
activity#com.DCHZ.TYLINCN.activity.YingShouHTDetailActivity
ADDED from src\main\AndroidManifest.xml:88:9-92:49
	android:screenOrientation
		ADDED from src\main\AndroidManifest.xml:91:13-49
	android:theme
		ADDED from src\main\AndroidManifest.xml:92:13-46
	android:name
		ADDED from src\main\AndroidManifest.xml:89:13-78
	android:launchMode
		ADDED from src\main\AndroidManifest.xml:90:13-43
activity#com.DCHZ.TYLINCN.activity.FenBaoFangDetailActivity
ADDED from src\main\AndroidManifest.xml:93:9-97:49
	android:screenOrientation
		ADDED from src\main\AndroidManifest.xml:96:13-49
	android:theme
		ADDED from src\main\AndroidManifest.xml:97:13-46
	android:name
		ADDED from src\main\AndroidManifest.xml:94:13-78
	android:launchMode
		ADDED from src\main\AndroidManifest.xml:95:13-43
activity#com.DCHZ.TYLINCN.activity.TiJiaoTypeActivity
ADDED from src\main\AndroidManifest.xml:98:11-102:49
	android:screenOrientation
		ADDED from src\main\AndroidManifest.xml:101:13-49
	android:theme
		ADDED from src\main\AndroidManifest.xml:102:13-46
	android:name
		ADDED from src\main\AndroidManifest.xml:99:13-72
	android:launchMode
		ADDED from src\main\AndroidManifest.xml:100:13-43
activity#com.DCHZ.TYLINCN.activity.JieShouRenActivity
ADDED from src\main\AndroidManifest.xml:103:11-107:49
	android:screenOrientation
		ADDED from src\main\AndroidManifest.xml:106:13-49
	android:theme
		ADDED from src\main\AndroidManifest.xml:107:13-46
	android:name
		ADDED from src\main\AndroidManifest.xml:104:13-72
	android:launchMode
		ADDED from src\main\AndroidManifest.xml:105:13-43
activity#com.DCHZ.TYLINCN.activity.SettingActivity
ADDED from src\main\AndroidManifest.xml:108:11-112:49
	android:screenOrientation
		ADDED from src\main\AndroidManifest.xml:111:13-49
	android:theme
		ADDED from src\main\AndroidManifest.xml:112:13-46
	android:name
		ADDED from src\main\AndroidManifest.xml:109:13-69
	android:launchMode
		ADDED from src\main\AndroidManifest.xml:110:13-43
activity#com.DCHZ.TYLINCN.activity.XiuGaiIPActivity
ADDED from src\main\AndroidManifest.xml:113:12-117:49
	android:screenOrientation
		ADDED from src\main\AndroidManifest.xml:116:13-49
	android:theme
		ADDED from src\main\AndroidManifest.xml:117:13-46
	android:name
		ADDED from src\main\AndroidManifest.xml:114:13-70
	android:launchMode
		ADDED from src\main\AndroidManifest.xml:115:13-43
activity#com.DCHZ.TYLINCN.activity.HelpActivity
ADDED from src\main\AndroidManifest.xml:118:12-122:49
	android:screenOrientation
		ADDED from src\main\AndroidManifest.xml:121:13-49
	android:theme
		ADDED from src\main\AndroidManifest.xml:122:13-46
	android:name
		ADDED from src\main\AndroidManifest.xml:119:13-66
	android:launchMode
		ADDED from src\main\AndroidManifest.xml:120:13-43
activity#com.DCHZ.TYLINCN.activity.HelpWenDangActivity
ADDED from src\main\AndroidManifest.xml:123:13-127:49
	android:screenOrientation
		ADDED from src\main\AndroidManifest.xml:126:13-49
	android:theme
		ADDED from src\main\AndroidManifest.xml:127:13-46
	android:name
		ADDED from src\main\AndroidManifest.xml:124:13-73
	android:launchMode
		ADDED from src\main\AndroidManifest.xml:125:13-43
activity#com.DCHZ.TYLINCN.activity.GongChengDetailActivity
ADDED from src\main\AndroidManifest.xml:128:13-132:49
	android:screenOrientation
		ADDED from src\main\AndroidManifest.xml:131:13-49
	android:theme
		ADDED from src\main\AndroidManifest.xml:132:13-46
	android:name
		ADDED from src\main\AndroidManifest.xml:129:13-77
	android:launchMode
		ADDED from src\main\AndroidManifest.xml:130:13-43
activity#com.DCHZ.TYLINCN.activity.SearchActivity
ADDED from src\main\AndroidManifest.xml:133:13-137:49
	android:screenOrientation
		ADDED from src\main\AndroidManifest.xml:136:13-49
	android:theme
		ADDED from src\main\AndroidManifest.xml:137:13-46
	android:name
		ADDED from src\main\AndroidManifest.xml:134:13-68
	android:launchMode
		ADDED from src\main\AndroidManifest.xml:135:13-43
activity#com.DCHZ.TYLINCN.activity.SearchJieDuanActivity
ADDED from src\main\AndroidManifest.xml:138:14-142:49
	android:screenOrientation
		ADDED from src\main\AndroidManifest.xml:141:13-49
	android:theme
		ADDED from src\main\AndroidManifest.xml:142:13-46
	android:name
		ADDED from src\main\AndroidManifest.xml:139:13-75
	android:launchMode
		ADDED from src\main\AndroidManifest.xml:140:13-43
activity#com.DCHZ.TYLINCN.activity.SearchNeiRongActivity
ADDED from src\main\AndroidManifest.xml:143:15-147:49
	android:screenOrientation
		ADDED from src\main\AndroidManifest.xml:146:13-49
	android:theme
		ADDED from src\main\AndroidManifest.xml:147:13-46
	android:name
		ADDED from src\main\AndroidManifest.xml:144:13-75
	android:launchMode
		ADDED from src\main\AndroidManifest.xml:145:13-43